[11-May-2024 14:37:29 UTC] PHP Warning:  Undefined array key "index_type" in C:\Users\USER\Local Sites\bella\app\public\wp-admin\includes\upgrade.php on line 2971
[11-May-2024 14:37:29 UTC] PHP Warning:  Undefined array key "index_name" in C:\Users\USER\Local Sites\bella\app\public\wp-admin\includes\upgrade.php on line 2977
[11-May-2024 14:37:29 UTC] PHP Warning:  Undefined array key "index_columns" in C:\Users\USER\Local Sites\bella\app\public\wp-admin\includes\upgrade.php on line 2980
[11-May-2024 14:37:29 UTC] PHP Warning:  Undefined array key "column_name" in C:\Users\USER\Local Sites\bella\app\public\wp-admin\includes\upgrade.php on line 3009
[11-May-2024 14:37:30 UTC] WordPress database error You have an error in your SQL syntax; check the manual that corresponds to your MySQL server version for the right syntax to use near '(``)' at line 1 for query ALTER TABLE wp_e_submissions_values ADD  `` (``) made by require_once('wp-admin/admin.php'), do_action('admin_init'), WP_Hook->do_action, WP_Hook->apply_filters, ElementorPro\Modules\Forms\Submissions\Component->ElementorPro\Modules\Forms\Submissions\{closure}, ElementorPro\Modules\Forms\Submissions\Database\Migration::install, Elementor\Core\Utils\Collection->map, array_map, ElementorPro\Modules\Forms\Submissions\Database\Migration::ElementorPro\Modules\Forms\Submissions\Database\{closure}, ElementorPro\Modules\Forms\Submissions\Database\Migrations\Initial->run, ElementorPro\Modules\Forms\Submissions\Database\Migrations\Initial->create_tables, dbDelta
[11-May-2024 14:37:30 UTC] WordPress database error Duplicate key name 'main_meta_id_index' for query ALTER TABLE `wp_e_submissions`
    		ADD INDEX `main_meta_id_index` (`main_meta_id`),
    		ADD UNIQUE INDEX `hash_id_unique_index` (`hash_id`),
    		ADD INDEX `hash_id_index` (`hash_id`),
    		ADD INDEX `type_index` (`type`),
    		ADD INDEX `post_id_index` (`post_id`),
    		ADD INDEX `element_id_index` (`element_id`),
    		ADD INDEX `campaign_id_index` (`campaign_id`),
    		ADD INDEX `user_id_index` (`user_id`),
    		ADD INDEX `user_ip_index` (`user_ip`),
    		ADD INDEX `status_index` (`status`),
    		ADD INDEX `is_read_index` (`is_read`),
    		ADD INDEX `created_at_gmt_index` (`created_at_gmt`),
    		ADD INDEX `updated_at_gmt_index` (`updated_at_gmt`),
    		ADD INDEX `created_at_index` (`created_at`),
    		ADD INDEX `updated_at_index` (`updated_at`)
		 made by require_once('wp-admin/admin.php'), do_action('admin_init'), WP_Hook->do_action, WP_Hook->apply_filters, ElementorPro\Modules\Forms\Submissions\Component->ElementorPro\Modules\Forms\Submissions\{closure}, ElementorPro\Modules\Forms\Submissions\Database\Migration::install, Elementor\Core\Utils\Collection->map, array_map, ElementorPro\Modules\Forms\Submissions\Database\Migration::ElementorPro\Modules\Forms\Submissions\Database\{closure}, ElementorPro\Modules\Forms\Submissions\Database\Migrations\Initial->run, ElementorPro\Modules\Forms\Submissions\Database\Migrations\Initial->add_indexes
[11-May-2024 14:37:30 UTC] WordPress database error Duplicate key name 'submission_id_index' for query ALTER TABLE `wp_e_submissions_values`
    		ADD INDEX `submission_id_index` (`submission_id`),
    		ADD INDEX `key_index` (`key`)
		 made by require_once('wp-admin/admin.php'), do_action('admin_init'), WP_Hook->do_action, WP_Hook->apply_filters, ElementorPro\Modules\Forms\Submissions\Component->ElementorPro\Modules\Forms\Submissions\{closure}, ElementorPro\Modules\Forms\Submissions\Database\Migration::install, Elementor\Core\Utils\Collection->map, array_map, ElementorPro\Modules\Forms\Submissions\Database\Migration::ElementorPro\Modules\Forms\Submissions\Database\{closure}, ElementorPro\Modules\Forms\Submissions\Database\Migrations\Initial->run, ElementorPro\Modules\Forms\Submissions\Database\Migrations\Initial->add_indexes
[11-May-2024 14:37:30 UTC] WordPress database error Duplicate key name 'submission_id_index' for query ALTER TABLE `wp_e_submissions_actions_log`
    		ADD INDEX `submission_id_index` (`submission_id`),
    		ADD INDEX `action_name_index` (`action_name`),
    		ADD INDEX `status_index` (`status`),
    		ADD INDEX `created_at_gmt_index` (`created_at_gmt`),
    		ADD INDEX `updated_at_gmt_index` (`updated_at_gmt`),
    		ADD INDEX `created_at_index` (`created_at`),
    		ADD INDEX `updated_at_index` (`updated_at`)
		 made by require_once('wp-admin/admin.php'), do_action('admin_init'), WP_Hook->do_action, WP_Hook->apply_filters, ElementorPro\Modules\Forms\Submissions\Component->ElementorPro\Modules\Forms\Submissions\{closure}, ElementorPro\Modules\Forms\Submissions\Database\Migration::install, Elementor\Core\Utils\Collection->map, array_map, ElementorPro\Modules\Forms\Submissions\Database\Migration::ElementorPro\Modules\Forms\Submissions\Database\{closure}, ElementorPro\Modules\Forms\Submissions\Database\Migrations\Initial->run, ElementorPro\Modules\Forms\Submissions\Database\Migrations\Initial->add_indexes
[11-May-2024 14:37:30 UTC] WordPress database error Duplicate column name 'referer_title' for query 
			ALTER TABLE `wp_e_submissions`
			ADD COLUMN `referer_title` varchar(300) null AFTER `referer`;
		 made by require_once('wp-admin/admin.php'), do_action('admin_init'), WP_Hook->do_action, WP_Hook->apply_filters, ElementorPro\Modules\Forms\Submissions\Component->ElementorPro\Modules\Forms\Submissions\{closure}, ElementorPro\Modules\Forms\Submissions\Database\Migration::install, Elementor\Core\Utils\Collection->map, array_map, ElementorPro\Modules\Forms\Submissions\Database\Migration::ElementorPro\Modules\Forms\Submissions\Database\{closure}, ElementorPro\Modules\Forms\Submissions\Database\Migrations\Referer_Extra->run
[11-May-2024 14:37:30 UTC] WordPress database error Duplicate key name 'referer_index' for query 
			ALTER TABLE `wp_e_submissions`
			ADD INDEX `referer_index` (`referer`(191)),
			ADD INDEX `referer_title_index` (`referer_title`(191));
		 made by require_once('wp-admin/admin.php'), do_action('admin_init'), WP_Hook->do_action, WP_Hook->apply_filters, ElementorPro\Modules\Forms\Submissions\Component->ElementorPro\Modules\Forms\Submissions\{closure}, ElementorPro\Modules\Forms\Submissions\Database\Migration::install, Elementor\Core\Utils\Collection->map, array_map, ElementorPro\Modules\Forms\Submissions\Database\Migration::ElementorPro\Modules\Forms\Submissions\Database\{closure}, ElementorPro\Modules\Forms\Submissions\Database\Migrations\Referer_Extra->run
[14-May-2024 16:32:08 UTC] Erreur d’événement de replanification de tâche pour le crochet wp_update_plugins. Code d’erreur : could_not_set. Message d’erreur : La liste des évènements planifiés n’a pas pu être sauvegardée.. Données : {"schedule":"twicedaily","args":[],"interval":43200}
